2025-07-25 21:46:35,434 - INFO - HIRA 깊은 계층 색인분류 추출 시작
2025-07-25 21:46:36,166 - INFO - 메인 페이지 접속: https://biz.hira.or.kr/index.do
2025-07-25 21:46:43,419 - INFO - Nexacro 메인 애플리케이션 로딩 대기...
2025-07-25 21:46:53,449 - INFO - 메뉴 링크 발견: text=심사기준 종합서비스
2025-07-25 21:46:55,035 - INFO - Nexacro 팝업 애플리케이션 로딩 대기...
2025-07-25 21:47:05,041 - INFO - 팝업 페이지 로딩 완료
2025-07-25 21:47:05,042 - INFO - 색인분류검색 모달 열기 시도...
2025-07-25 21:47:08,064 - INFO - 색인분류검색 버튼 발견!
2025-07-25 21:47:12,627 - INFO - 색인분류검색 모달이 성공적으로 열렸습니다
2025-07-25 21:47:12,627 - INFO - 깊은 계층 색인분류 트리 순회 시작...
2025-07-25 21:47:12,627 - INFO - 대분류 항목 추출 시작...
2025-07-25 21:47:12,634 - INFO - 총 30개 요소 발견
2025-07-25 21:47:12,922 - INFO - 대분류 고유 항목 6개 추출 완료
2025-07-25 21:47:12,922 - INFO - 총 6개 대분류 발견
2025-07-25 21:47:12,922 - INFO - \n=== [1/6] 대분류 처리: 요양급여비용산정기준(행위)(A) ===
2025-07-25 21:47:16,484 - INFO - 중분류 항목 추출 시작...
2025-07-25 21:47:16,489 - INFO - 총 30개 요소 발견
2025-07-25 21:47:16,729 - INFO - 중분류 고유 항목 6개 추출 완료
2025-07-25 21:47:16,729 - INFO -   └ 6개 중분류 발견
2025-07-25 21:47:16,729 - INFO -     [1/6] 중분류 처리: 요양급여비용산정기준(행위)(A)
2025-07-25 21:47:20,259 - INFO - 소분류 항목 추출 시작...
2025-07-25 21:47:20,264 - INFO - 총 30개 요소 발견
2025-07-25 21:47:20,512 - INFO - 소분류 고유 항목 6개 추출 완료
2025-07-25 21:47:20,513 - INFO -       └ 6개 소분류 발견
2025-07-25 21:47:20,513 - INFO -         [1/6] 소분류 처리: 요양급여비용산정기준(행위)(A)
2025-07-25 21:47:24,069 - INFO -           └ 저장:  - 요양급여비용산정기준(행위)(A)
2025-07-25 21:47:24,069 - INFO -         [2/6] 소분류 처리: 요양급여비용산정기준(약제)(B)
2025-07-25 21:47:27,613 - INFO -           └ 저장:  - 요양급여비용산정기준(약제)(B)
2025-07-25 21:47:27,613 - INFO -         [3/6] 소분류 처리: 요양급여비용산정기준(치료재료)(C)
2025-07-25 21:47:31,153 - INFO -           └ 저장:  - 요양급여비용산정기준(치료재료)(C)
2025-07-25 21:47:31,153 - INFO -         [4/6] 소분류 처리: 고시 등(D)
2025-07-25 21:47:34,717 - INFO -           └ 저장:  - 고시 등(D)
2025-07-25 21:47:34,718 - INFO -         [5/6] 소분류 처리: 의료보호(E)
2025-07-25 21:47:38,264 - INFO -           └ 저장:  - 의료보호(E)
2025-07-25 21:47:38,265 - INFO -         [6/6] 소분류 처리: 요양급여기준(F)
2025-07-25 21:47:41,809 - INFO -           └ 저장:  - 요양급여기준(F)
2025-07-25 21:47:41,809 - INFO -     [2/6] 중분류 처리: 요양급여비용산정기준(약제)(B)
2025-07-25 21:47:45,342 - INFO - 소분류 항목 추출 시작...
2025-07-25 21:47:45,346 - INFO - 총 30개 요소 발견
2025-07-25 21:47:45,618 - INFO - 소분류 고유 항목 6개 추출 완료
2025-07-25 21:47:45,619 - INFO -       └ 6개 소분류 발견
2025-07-25 21:47:45,619 - INFO -         [1/6] 소분류 처리: 기타(G)
2025-07-25 21:47:49,171 - INFO -           └ 저장:  - 기타(G)
2025-07-25 21:47:49,171 - INFO -         [2/6] 소분류 처리: 요양급여비용산정기준(요양병원)(H)
2025-07-25 21:47:52,723 - INFO -           └ 저장:  - 요양급여비용산정기준(요양병원)(H)
2025-07-25 21:47:52,723 - INFO -         [3/6] 소분류 처리: 요양급여비용산정기준(치료재료)(C)
2025-07-25 21:47:59,250 - WARNING - 소분류 요양급여비용산정기준(치료재료)(C) 일반 클릭 실패, 강제 클릭 시도
2025-07-25 21:48:02,787 - INFO -           └ 저장:  - 요양급여비용산정기준(치료재료)(C)
2025-07-25 21:48:02,787 - INFO -         [4/6] 소분류 처리: 고시 등(D)
2025-07-25 21:48:09,305 - WARNING - 소분류 고시 등(D) 일반 클릭 실패, 강제 클릭 시도
2025-07-25 21:48:12,858 - INFO -           └ 저장:  - 고시 등(D)
2025-07-25 21:48:12,858 - INFO -         [5/6] 소분류 처리: 의료보호(E)
2025-07-25 21:48:19,366 - WARNING - 소분류 의료보호(E) 일반 클릭 실패, 강제 클릭 시도
2025-07-25 21:48:22,916 - INFO -           └ 저장:  - 의료보호(E)
2025-07-25 21:48:22,916 - INFO -         [6/6] 소분류 처리: 요양급여기준(F)
2025-07-25 21:48:29,432 - WARNING - 소분류 요양급여기준(F) 일반 클릭 실패, 강제 클릭 시도
2025-07-25 21:48:32,964 - INFO -           └ 저장:  - 요양급여기준(F)
2025-07-25 21:48:32,964 - INFO -     [3/6] 중분류 처리: 요양급여비용산정기준(치료재료)(C)
2025-07-25 21:48:36,517 - INFO - 소분류 항목 추출 시작...
2025-07-25 21:48:36,523 - INFO - 총 30개 요소 발견
2025-07-25 21:48:36,770 - INFO - 소분류 고유 항목 6개 추출 완료
2025-07-25 21:48:36,770 - INFO -       └ 6개 소분류 발견
2025-07-25 21:48:36,770 - INFO -         [1/6] 소분류 처리: 의료보호(E)
2025-07-25 21:48:40,331 - INFO -           └ 저장:  - 의료보호(E)
2025-07-25 21:48:40,331 - INFO -         [2/6] 소분류 처리: 요양급여기준(F)
2025-07-25 21:48:43,893 - INFO -           └ 저장:  - 요양급여기준(F)
2025-07-25 21:48:43,893 - INFO -         [3/6] 소분류 처리: 기타(G)
2025-07-25 21:48:47,448 - INFO -           └ 저장:  - 기타(G)
2025-07-25 21:48:47,448 - INFO -         [4/6] 소분류 처리: 요양급여비용산정기준(요양병원)(H)
2025-07-25 21:48:50,992 - INFO -           └ 저장:  - 요양급여비용산정기준(요양병원)(H)
2025-07-25 21:48:50,992 - INFO -         [5/6] 소분류 처리: 고시 등(D)
2025-07-25 21:48:57,496 - WARNING - 소분류 고시 등(D) 일반 클릭 실패, 강제 클릭 시도
2025-07-25 21:49:01,043 - INFO -           └ 저장:  - 고시 등(D)
2025-07-25 21:49:01,043 - INFO -         [6/6] 소분류 처리: 요양급여비용산정기준(치료재료)(C)
2025-07-25 21:49:07,557 - WARNING - 소분류 요양급여비용산정기준(치료재료)(C) 일반 클릭 실패, 강제 클릭 시도
2025-07-25 21:49:11,095 - INFO -           └ 저장:  - 요양급여비용산정기준(치료재료)(C)
2025-07-25 21:49:11,095 - INFO -     [4/6] 중분류 처리: 고시 등(D)
2025-07-25 21:49:14,620 - INFO - 소분류 항목 추출 시작...
2025-07-25 21:49:14,625 - INFO - 총 30개 요소 발견
2025-07-25 21:49:14,871 - INFO - 소분류 고유 항목 6개 추출 완료
2025-07-25 21:49:14,871 - INFO -       └ 6개 소분류 발견
2025-07-25 21:49:14,871 - INFO -         [1/6] 소분류 처리: 요양급여비용산정기준(요양병원)(H)
2025-07-25 21:49:18,423 - INFO -           └ 저장:  - 요양급여비용산정기준(요양병원)(H)
2025-07-25 21:49:18,424 - INFO -         [2/6] 소분류 처리: 요양급여비용산정기준(치료재료)(C)
2025-07-25 21:49:21,972 - INFO -           └ 저장:  - 요양급여비용산정기준(치료재료)(C)
2025-07-25 21:49:21,972 - INFO -         [3/6] 소분류 처리: 요양급여비용산정기준(행위)(A)
2025-07-25 21:49:25,541 - INFO -           └ 저장:  - 요양급여비용산정기준(행위)(A)
2025-07-25 21:49:25,541 - INFO -         [4/6] 소분류 처리: 의료보호(E)
2025-07-25 21:49:29,109 - INFO -           └ 저장:  - 의료보호(E)
2025-07-25 21:49:29,109 - INFO -         [5/6] 소분류 처리: 요양급여비용산정기준(약제)(B)
2025-07-25 21:49:35,623 - WARNING - 소분류 요양급여비용산정기준(약제)(B) 일반 클릭 실패, 강제 클릭 시도
2025-07-25 21:49:39,169 - INFO -           └ 저장:  - 요양급여비용산정기준(약제)(B)
2025-07-25 21:49:39,169 - INFO -         [6/6] 소분류 처리: 요양급여기준(F)
2025-07-25 21:49:42,764 - INFO -           └ 저장:  - 요양급여기준(F)
2025-07-25 21:49:42,764 - INFO -     [5/6] 중분류 처리: 의료보호(E)
2025-07-25 21:49:46,320 - INFO - 소분류 항목 추출 시작...
2025-07-25 21:49:46,325 - INFO - 총 30개 요소 발견
2025-07-25 21:49:46,572 - INFO - 소분류 고유 항목 6개 추출 완료
2025-07-25 21:49:46,572 - INFO -       └ 6개 소분류 발견
2025-07-25 21:49:46,572 - INFO -         [1/6] 소분류 처리: 기타(G)
2025-07-25 21:49:50,116 - INFO -           └ 저장:  - 기타(G)
2025-07-25 21:49:50,116 - INFO -         [2/6] 소분류 처리: 고시 등(D)
2025-07-25 21:49:53,661 - INFO -           └ 저장:  - 고시 등(D)
2025-07-25 21:49:53,662 - INFO -         [3/6] 소분류 처리: 요양급여비용산정기준(치료재료)(C)
2025-07-25 21:50:00,173 - WARNING - 소분류 요양급여비용산정기준(치료재료)(C) 일반 클릭 실패, 강제 클릭 시도
2025-07-25 21:50:03,714 - INFO -           └ 저장:  - 요양급여비용산정기준(치료재료)(C)
2025-07-25 21:50:03,714 - INFO -         [4/6] 소분류 처리: 요양급여비용산정기준(요양병원)(H)
2025-07-25 21:50:10,224 - WARNING - 소분류 요양급여비용산정기준(요양병원)(H) 일반 클릭 실패, 강제 클릭 시도
2025-07-25 21:50:13,758 - INFO -           └ 저장:  - 요양급여비용산정기준(요양병원)(H)
2025-07-25 21:50:13,758 - INFO -         [5/6] 소분류 처리: 요양급여비용산정기준(약제)(B)
2025-07-25 21:50:17,343 - INFO -           └ 저장:  - 요양급여비용산정기준(약제)(B)
2025-07-25 21:50:17,343 - INFO -         [6/6] 소분류 처리: 요양급여기준(F)
2025-07-25 21:50:23,863 - WARNING - 소분류 요양급여기준(F) 일반 클릭 실패, 강제 클릭 시도
2025-07-25 21:50:27,398 - INFO -           └ 저장:  - 요양급여기준(F)
2025-07-25 21:50:27,399 - INFO -     [6/6] 중분류 처리: 요양급여기준(F)
2025-07-25 21:50:33,914 - WARNING - 중분류 요양급여기준(F) 일반 클릭 실패, 강제 클릭 시도
2025-07-25 21:50:37,437 - INFO - 소분류 항목 추출 시작...
2025-07-25 21:50:37,441 - INFO - 총 30개 요소 발견
2025-07-25 21:50:37,728 - INFO - 소분류 고유 항목 6개 추출 완료
2025-07-25 21:50:37,728 - INFO -       └ 6개 소분류 발견
2025-07-25 21:50:37,728 - INFO -         [1/6] 소분류 처리: 고시 등(D)
2025-07-25 21:50:44,246 - WARNING - 소분류 고시 등(D) 일반 클릭 실패, 강제 클릭 시도
2025-07-25 21:50:47,786 - INFO -           └ 저장:  - 고시 등(D)
2025-07-25 21:50:47,786 - INFO -         [2/6] 소분류 처리: 의료보호(E)
2025-07-25 21:50:51,351 - INFO -           └ 저장:  - 의료보호(E)
2025-07-25 21:50:51,351 - INFO -         [3/6] 소분류 처리: 요양급여기준(F)
2025-07-25 21:50:54,905 - INFO -           └ 저장:  - 요양급여기준(F)
2025-07-25 21:50:54,905 - INFO -         [4/6] 소분류 처리: 기타(G)
2025-07-25 21:50:58,439 - INFO -           └ 저장:  - 기타(G)
2025-07-25 21:50:58,440 - INFO -         [5/6] 소분류 처리: 요양급여비용산정기준(요양병원)(H)
2025-07-25 21:51:04,955 - WARNING - 소분류 요양급여비용산정기준(요양병원)(H) 일반 클릭 실패, 강제 클릭 시도
2025-07-25 21:51:08,505 - INFO -           └ 저장:  - 요양급여비용산정기준(요양병원)(H)
2025-07-25 21:51:08,506 - INFO -         [6/6] 소분류 처리: 요양급여비용산정기준(치료재료)(C)
2025-07-25 21:51:12,048 - INFO -           └ 저장:  - 요양급여비용산정기준(치료재료)(C)
2025-07-25 21:51:12,048 - INFO - \n=== [2/6] 대분류 처리: 요양급여비용산정기준(약제)(B) ===
2025-07-25 21:51:15,602 - INFO - 중분류 항목 추출 시작...
2025-07-25 21:51:15,607 - INFO - 총 30개 요소 발견
2025-07-25 21:51:15,882 - INFO - 중분류 고유 항목 6개 추출 완료
2025-07-25 21:51:15,882 - INFO -   └ 6개 중분류 발견
2025-07-25 21:51:15,882 - INFO -     [1/6] 중분류 처리: 기타(G)
2025-07-25 21:51:19,428 - INFO - 소분류 항목 추출 시작...
2025-07-25 21:51:19,434 - INFO - 총 30개 요소 발견
2025-07-25 21:51:19,712 - INFO - 소분류 고유 항목 6개 추출 완료
2025-07-25 21:51:19,712 - INFO -       └ 6개 소분류 발견
2025-07-25 21:51:19,712 - INFO -         [1/6] 소분류 처리: 기타(G)
2025-07-25 21:51:23,254 - INFO -           └ 저장:  - 기타(G)
2025-07-25 21:51:23,255 - INFO -         [2/6] 소분류 처리: 고시 등(D)
2025-07-25 21:51:26,803 - INFO -           └ 저장:  - 고시 등(D)
2025-07-25 21:51:26,803 - INFO -         [3/6] 소분류 처리: 요양급여비용산정기준(치료재료)(C)
2025-07-25 21:51:33,316 - WARNING - 소분류 요양급여비용산정기준(치료재료)(C) 일반 클릭 실패, 강제 클릭 시도
2025-07-25 21:51:36,848 - INFO -           └ 저장:  - 요양급여비용산정기준(치료재료)(C)
2025-07-25 21:51:36,848 - INFO -         [4/6] 소분류 처리: 요양급여비용산정기준(요양병원)(H)
2025-07-25 21:51:43,364 - WARNING - 소분류 요양급여비용산정기준(요양병원)(H) 일반 클릭 실패, 강제 클릭 시도
2025-07-25 21:51:46,894 - INFO -           └ 저장:  - 요양급여비용산정기준(요양병원)(H)
2025-07-25 21:51:46,894 - INFO -         [5/6] 소분류 처리: 요양급여비용산정기준(약제)(B)
2025-07-25 21:51:50,442 - INFO -           └ 저장:  - 요양급여비용산정기준(약제)(B)
2025-07-25 21:51:50,442 - INFO -         [6/6] 소분류 처리: 요양급여기준(F)
2025-07-25 21:51:56,961 - WARNING - 소분류 요양급여기준(F) 일반 클릭 실패, 강제 클릭 시도
2025-07-25 21:52:00,486 - INFO -           └ 저장:  - 요양급여기준(F)
2025-07-25 21:52:00,486 - INFO -     [2/6] 중분류 처리: 요양급여비용산정기준(행위)(A)
2025-07-25 21:52:04,029 - INFO - 소분류 항목 추출 시작...
2025-07-25 21:52:04,037 - INFO - 총 30개 요소 발견
2025-07-25 21:52:04,306 - INFO - 소분류 고유 항목 6개 추출 완료
2025-07-25 21:52:04,307 - INFO -       └ 6개 소분류 발견
2025-07-25 21:52:04,307 - INFO -         [1/6] 소분류 처리: 고시 등(D)
2025-07-25 21:52:10,826 - WARNING - 소분류 고시 등(D) 일반 클릭 실패, 강제 클릭 시도
2025-07-25 21:52:14,378 - INFO -           └ 저장:  - 고시 등(D)
2025-07-25 21:52:14,378 - INFO -         [2/6] 소분류 처리: 의료보호(E)
2025-07-25 21:52:17,948 - INFO -           └ 저장:  - 의료보호(E)
2025-07-25 21:52:17,948 - INFO -         [3/6] 소분류 처리: 요양급여기준(F)
2025-07-25 21:52:21,516 - INFO -           └ 저장:  - 요양급여기준(F)
2025-07-25 21:52:21,516 - INFO -         [4/6] 소분류 처리: 기타(G)
2025-07-25 21:52:25,062 - INFO -           └ 저장:  - 기타(G)
2025-07-25 21:52:25,062 - INFO -         [5/6] 소분류 처리: 요양급여비용산정기준(요양병원)(H)
2025-07-25 21:52:31,575 - WARNING - 소분류 요양급여비용산정기준(요양병원)(H) 일반 클릭 실패, 강제 클릭 시도
2025-07-25 21:52:35,125 - INFO -           └ 저장:  - 요양급여비용산정기준(요양병원)(H)
2025-07-25 21:52:35,125 - INFO -         [6/6] 소분류 처리: 요양급여비용산정기준(치료재료)(C)
2025-07-25 21:52:38,687 - INFO -           └ 저장:  - 요양급여비용산정기준(치료재료)(C)
2025-07-25 21:52:38,687 - INFO -     [3/6] 중분류 처리: 요양급여비용산정기준(치료재료)(C)
2025-07-25 21:52:42,256 - INFO - 소분류 항목 추출 시작...
2025-07-25 21:52:42,260 - INFO - 총 30개 요소 발견
2025-07-25 21:52:42,491 - INFO - 소분류 고유 항목 6개 추출 완료
2025-07-25 21:52:42,491 - INFO -       └ 6개 소분류 발견
2025-07-25 21:52:42,491 - INFO -         [1/6] 소분류 처리: 기타(G)
2025-07-25 21:52:46,053 - INFO -           └ 저장:  - 기타(G)
2025-07-25 21:52:46,053 - INFO -         [2/6] 소분류 처리: 요양급여비용산정기준(행위)(A)
2025-07-25 21:52:49,610 - INFO -           └ 저장:  - 요양급여비용산정기준(행위)(A)
2025-07-25 21:52:49,610 - INFO -         [3/6] 소분류 처리: 요양급여비용산정기준(치료재료)(C)
2025-07-25 21:52:56,125 - WARNING - 소분류 요양급여비용산정기준(치료재료)(C) 일반 클릭 실패, 강제 클릭 시도
2025-07-25 21:52:59,677 - INFO -           └ 저장:  - 요양급여비용산정기준(치료재료)(C)
2025-07-25 21:52:59,677 - INFO -         [4/6] 소분류 처리: 요양급여비용산정기준(요양병원)(H)
2025-07-25 21:53:03,222 - INFO -           └ 저장:  - 요양급여비용산정기준(요양병원)(H)
2025-07-25 21:53:03,222 - INFO -         [5/6] 소분류 처리: 요양급여비용산정기준(약제)(B)
2025-07-25 21:53:06,780 - INFO -           └ 저장:  - 요양급여비용산정기준(약제)(B)
2025-07-25 21:53:06,780 - INFO -         [6/6] 소분류 처리: 요양급여기준(F)
2025-07-25 21:53:13,284 - WARNING - 소분류 요양급여기준(F) 일반 클릭 실패, 강제 클릭 시도
2025-07-25 21:53:16,814 - INFO -           └ 저장:  - 요양급여기준(F)
2025-07-25 21:53:16,814 - INFO -     [4/6] 중분류 처리: 요양급여비용산정기준(요양병원)(H)
2025-07-25 21:53:20,349 - INFO - 소분류 항목 추출 시작...
2025-07-25 21:53:20,353 - INFO - 총 30개 요소 발견
2025-07-25 21:53:20,600 - INFO - 소분류 고유 항목 6개 추출 완료
2025-07-25 21:53:20,600 - INFO -       └ 6개 소분류 발견
2025-07-25 21:53:20,601 - INFO -         [1/6] 소분류 처리: 고시 등(D)
2025-07-25 21:53:27,108 - WARNING - 소분류 고시 등(D) 일반 클릭 실패, 강제 클릭 시도
2025-07-25 21:53:30,652 - INFO -           └ 저장:  - 고시 등(D)
2025-07-25 21:53:30,652 - INFO -         [2/6] 소분류 처리: 의료보호(E)
2025-07-25 21:53:34,197 - INFO -           └ 저장:  - 의료보호(E)
2025-07-25 21:53:34,197 - INFO -         [3/6] 소분류 처리: 요양급여기준(F)
2025-07-25 21:53:37,741 - INFO -           └ 저장:  - 요양급여기준(F)
2025-07-25 21:53:37,741 - INFO -         [4/6] 소분류 처리: 기타(G)
2025-07-25 21:53:41,297 - INFO -           └ 저장:  - 기타(G)
2025-07-25 21:53:41,298 - INFO -         [5/6] 소분류 처리: 요양급여비용산정기준(요양병원)(H)
2025-07-25 21:53:44,859 - INFO -           └ 저장:  - 요양급여비용산정기준(요양병원)(H)
2025-07-25 21:53:44,860 - INFO -         [6/6] 소분류 처리: 요양급여비용산정기준(치료재료)(C)
2025-07-25 21:53:48,401 - INFO -           └ 저장:  - 요양급여비용산정기준(치료재료)(C)
2025-07-25 21:53:48,401 - INFO -     [5/6] 중분류 처리: 요양급여비용산정기준(약제)(B)
2025-07-25 21:53:51,925 - INFO - 소분류 항목 추출 시작...
2025-07-25 21:53:51,932 - INFO - 총 30개 요소 발견
2025-07-25 21:53:52,184 - INFO - 소분류 고유 항목 6개 추출 완료
2025-07-25 21:53:52,184 - INFO -       └ 6개 소분류 발견
2025-07-25 21:53:52,184 - INFO -         [1/6] 소분류 처리: 의료보호(E)
2025-07-25 21:53:55,731 - INFO -           └ 저장:  - 의료보호(E)
2025-07-25 21:53:55,731 - INFO -         [2/6] 소분류 처리: 요양급여기준(F)
2025-07-25 21:54:02,256 - WARNING - 소분류 요양급여기준(F) 일반 클릭 실패, 강제 클릭 시도
2025-07-25 21:54:05,786 - INFO -           └ 저장:  - 요양급여기준(F)
2025-07-25 21:54:05,786 - INFO -         [3/6] 소분류 처리: 요양급여비용산정기준(약제)(B)
2025-07-25 21:54:12,296 - WARNING - 소분류 요양급여비용산정기준(약제)(B) 일반 클릭 실패, 강제 클릭 시도
2025-07-25 21:54:15,835 - INFO -           └ 저장:  - 요양급여비용산정기준(약제)(B)
2025-07-25 21:54:15,836 - INFO -         [4/6] 소분류 처리: 요양급여비용산정기준(요양병원)(H)
2025-07-25 21:54:19,406 - INFO -           └ 저장:  - 요양급여비용산정기준(요양병원)(H)
2025-07-25 21:54:19,406 - INFO -         [5/6] 소분류 처리: 요양급여비용산정기준(치료재료)(C)
2025-07-25 21:54:22,938 - INFO -           └ 저장:  - 요양급여비용산정기준(치료재료)(C)
2025-07-25 21:54:22,938 - INFO -         [6/6] 소분류 처리: 요양급여비용산정기준(행위)(A)
2025-07-25 21:54:26,500 - INFO -           └ 저장:  - 요양급여비용산정기준(행위)(A)
2025-07-25 21:54:26,500 - INFO -     [6/6] 중분류 처리: 요양급여기준(F)
2025-07-25 21:54:30,022 - INFO - 소분류 항목 추출 시작...
2025-07-25 21:54:30,026 - INFO - 총 30개 요소 발견
2025-07-25 21:54:30,280 - INFO - 소분류 고유 항목 6개 추출 완료
2025-07-25 21:54:30,280 - INFO -       └ 6개 소분류 발견
2025-07-25 21:54:30,280 - INFO -         [1/6] 소분류 처리: 기타(G)
2025-07-25 21:54:33,835 - INFO -           └ 저장:  - 기타(G)
2025-07-25 21:54:33,835 - INFO -         [2/6] 소분류 처리: 고시 등(D)
2025-07-25 21:54:37,394 - INFO -           └ 저장:  - 고시 등(D)
2025-07-25 21:54:37,395 - INFO -         [3/6] 소분류 처리: 요양급여비용산정기준(치료재료)(C)
2025-07-25 21:54:43,912 - WARNING - 소분류 요양급여비용산정기준(치료재료)(C) 일반 클릭 실패, 강제 클릭 시도
2025-07-25 21:54:47,435 - INFO -           └ 저장:  - 요양급여비용산정기준(치료재료)(C)
2025-07-25 21:54:47,435 - INFO -         [4/6] 소분류 처리: 요양급여비용산정기준(요양병원)(H)
2025-07-25 21:54:53,957 - WARNING - 소분류 요양급여비용산정기준(요양병원)(H) 일반 클릭 실패, 강제 클릭 시도
2025-07-25 21:54:57,508 - INFO -           └ 저장:  - 요양급여비용산정기준(요양병원)(H)
2025-07-25 21:54:57,508 - INFO -         [5/6] 소분류 처리: 요양급여비용산정기준(약제)(B)
2025-07-25 21:55:01,047 - INFO -           └ 저장:  - 요양급여비용산정기준(약제)(B)
2025-07-25 21:55:01,047 - INFO -         [6/6] 소분류 처리: 요양급여기준(F)
2025-07-25 21:55:07,565 - WARNING - 소분류 요양급여기준(F) 일반 클릭 실패, 강제 클릭 시도
2025-07-25 21:55:11,082 - INFO -           └ 저장:  - 요양급여기준(F)
2025-07-25 21:55:11,082 - INFO - \n=== [3/6] 대분류 처리: 요양급여비용산정기준(치료재료)(C) ===
2025-07-25 21:55:14,637 - INFO - 중분류 항목 추출 시작...
2025-07-25 21:55:14,643 - INFO - 총 30개 요소 발견
2025-07-25 21:55:14,880 - INFO - 중분류 고유 항목 6개 추출 완료
2025-07-25 21:55:14,881 - INFO -   └ 6개 중분류 발견
2025-07-25 21:55:14,881 - INFO -     [1/6] 중분류 처리: 고시 등(D)
2025-07-25 21:55:21,397 - WARNING - 중분류 고시 등(D) 일반 클릭 실패, 강제 클릭 시도
2025-07-25 21:55:24,934 - INFO - 소분류 항목 추출 시작...
2025-07-25 21:55:24,939 - INFO - 총 30개 요소 발견
2025-07-25 21:55:25,210 - INFO - 소분류 고유 항목 6개 추출 완료
2025-07-25 21:55:25,210 - INFO -       └ 6개 소분류 발견
2025-07-25 21:55:25,210 - INFO -         [1/6] 소분류 처리: 요양급여기준(F)
2025-07-25 21:55:28,756 - INFO -           └ 저장:  - 요양급여기준(F)
2025-07-25 21:55:28,756 - INFO -         [2/6] 소분류 처리: 요양급여비용산정기준(약제)(B)
2025-07-25 21:55:32,321 - INFO -           └ 저장:  - 요양급여비용산정기준(약제)(B)
2025-07-25 21:55:32,321 - INFO -         [3/6] 소분류 처리: 요양급여비용산정기준(요양병원)(H)
2025-07-25 21:55:35,868 - INFO -           └ 저장:  - 요양급여비용산정기준(요양병원)(H)
2025-07-25 21:55:35,868 - INFO -         [4/6] 소분류 처리: 요양급여비용산정기준(치료재료)(C)
2025-07-25 21:55:39,405 - INFO -           └ 저장:  - 요양급여비용산정기준(치료재료)(C)
2025-07-25 21:55:39,405 - INFO -         [5/6] 소분류 처리: 요양급여비용산정기준(행위)(A)
2025-07-25 21:55:42,934 - INFO -           └ 저장:  - 요양급여비용산정기준(행위)(A)
2025-07-25 21:55:42,934 - INFO -         [6/6] 소분류 처리: 의료보호(E)
2025-07-25 21:55:46,499 - INFO -           └ 저장:  - 의료보호(E)
2025-07-25 21:55:46,499 - INFO -     [2/6] 중분류 처리: 의료보호(E)
2025-07-25 21:55:53,015 - WARNING - 중분류 의료보호(E) 일반 클릭 실패, 강제 클릭 시도
2025-07-25 21:55:56,557 - INFO - 소분류 항목 추출 시작...
2025-07-25 21:55:56,561 - INFO - 총 30개 요소 발견
2025-07-25 21:55:56,805 - INFO - 소분류 고유 항목 6개 추출 완료
2025-07-25 21:55:56,806 - INFO -       └ 6개 소분류 발견
2025-07-25 21:55:56,806 - INFO -         [1/6] 소분류 처리: 의료보호(E)
2025-07-25 21:56:00,355 - INFO -           └ 저장:  - 의료보호(E)
2025-07-25 21:56:00,356 - INFO -         [2/6] 소분류 처리: 요양급여비용산정기준(행위)(A)
2025-07-25 21:56:03,916 - INFO -           └ 저장:  - 요양급여비용산정기준(행위)(A)
2025-07-25 21:56:03,916 - INFO -         [3/6] 소분류 처리: 요양급여비용산정기준(치료재료)(C)
2025-07-25 21:56:07,457 - INFO -           └ 저장:  - 요양급여비용산정기준(치료재료)(C)
2025-07-25 21:56:07,457 - INFO -         [4/6] 소분류 처리: 요양급여비용산정기준(요양병원)(H)
2025-07-25 21:56:11,004 - INFO -           └ 저장:  - 요양급여비용산정기준(요양병원)(H)
2025-07-25 21:56:11,004 - INFO -         [5/6] 소분류 처리: 요양급여비용산정기준(약제)(B)
2025-07-25 21:56:14,540 - INFO -           └ 저장:  - 요양급여비용산정기준(약제)(B)
2025-07-25 21:56:14,540 - INFO -         [6/6] 소분류 처리: 요양급여기준(F)
2025-07-25 21:56:18,106 - INFO -           └ 저장:  - 요양급여기준(F)
2025-07-25 21:56:18,106 - INFO -     [3/6] 중분류 처리: 요양급여기준(F)
2025-07-25 21:56:24,619 - WARNING - 중분류 요양급여기준(F) 일반 클릭 실패, 강제 클릭 시도
2025-07-25 21:56:28,164 - INFO - 소분류 항목 추출 시작...
2025-07-25 21:56:28,169 - INFO - 총 30개 요소 발견
2025-07-25 21:56:28,427 - INFO - 소분류 고유 항목 6개 추출 완료
2025-07-25 21:56:28,427 - INFO -       └ 6개 소분류 발견
2025-07-25 21:56:28,427 - INFO -         [1/6] 소분류 처리: 고시 등(D)
2025-07-25 21:56:31,979 - INFO -           └ 저장:  - 고시 등(D)
2025-07-25 21:56:31,979 - INFO -         [2/6] 소분류 처리: 의료보호(E)
2025-07-25 21:56:35,523 - INFO -           └ 저장:  - 의료보호(E)
2025-07-25 21:56:35,523 - INFO -         [3/6] 소분류 처리: 요양급여기준(F)
2025-07-25 21:56:39,064 - INFO -           └ 저장:  - 요양급여기준(F)
2025-07-25 21:56:39,064 - INFO -         [4/6] 소분류 처리: 기타(G)
2025-07-25 21:56:42,623 - INFO -           └ 저장:  - 기타(G)
2025-07-25 21:56:42,624 - INFO -         [5/6] 소분류 처리: 요양급여비용산정기준(요양병원)(H)
2025-07-25 21:56:46,180 - INFO -           └ 저장:  - 요양급여비용산정기준(요양병원)(H)
2025-07-25 21:56:46,180 - INFO -         [6/6] 소분류 처리: 요양급여비용산정기준(치료재료)(C)
2025-07-25 21:56:52,691 - WARNING - 소분류 요양급여비용산정기준(치료재료)(C) 일반 클릭 실패, 강제 클릭 시도
2025-07-25 21:56:56,231 - INFO -           └ 저장:  - 요양급여비용산정기준(치료재료)(C)
2025-07-25 21:56:56,231 - INFO -     [4/6] 중분류 처리: 기타(G)
2025-07-25 21:56:59,785 - INFO - 소분류 항목 추출 시작...
2025-07-25 21:56:59,789 - INFO - 총 30개 요소 발견
2025-07-25 21:57:00,028 - INFO - 소분류 고유 항목 6개 추출 완료
2025-07-25 21:57:00,028 - INFO -       └ 6개 소분류 발견
2025-07-25 21:57:00,028 - INFO -         [1/6] 소분류 처리: 고시 등(D)
2025-07-25 21:57:06,559 - WARNING - 소분류 고시 등(D) 일반 클릭 실패, 강제 클릭 시도
2025-07-25 21:57:10,093 - INFO -           └ 저장:  - 고시 등(D)
2025-07-25 21:57:10,093 - INFO -         [2/6] 소분류 처리: 의료보호(E)
2025-07-25 21:57:13,632 - INFO -           └ 저장:  - 의료보호(E)
2025-07-25 21:57:13,633 - INFO -         [3/6] 소분류 처리: 요양급여기준(F)
2025-07-25 21:57:17,187 - INFO -           └ 저장:  - 요양급여기준(F)
2025-07-25 21:57:17,187 - INFO -         [4/6] 소분류 처리: 기타(G)
2025-07-25 21:57:20,737 - INFO -           └ 저장:  - 기타(G)
2025-07-25 21:57:20,737 - INFO -         [5/6] 소분류 처리: 요양급여비용산정기준(요양병원)(H)
2025-07-25 21:57:24,289 - INFO -           └ 저장:  - 요양급여비용산정기준(요양병원)(H)
2025-07-25 21:57:24,289 - INFO -         [6/6] 소분류 처리: 요양급여비용산정기준(치료재료)(C)
2025-07-25 21:57:27,840 - INFO -           └ 저장:  - 요양급여비용산정기준(치료재료)(C)
2025-07-25 21:57:27,841 - INFO -     [5/6] 중분류 처리: 요양급여비용산정기준(요양병원)(H)
2025-07-25 21:57:31,397 - INFO - 소분류 항목 추출 시작...
2025-07-25 21:57:31,402 - INFO - 총 30개 요소 발견
2025-07-25 21:57:31,646 - INFO - 소분류 고유 항목 6개 추출 완료
2025-07-25 21:57:31,646 - INFO -       └ 6개 소분류 발견
2025-07-25 21:57:31,646 - INFO -         [1/6] 소분류 처리: 의료보호(E)
2025-07-25 21:57:35,192 - INFO -           └ 저장:  - 의료보호(E)
2025-07-25 21:57:35,192 - INFO -         [2/6] 소분류 처리: 요양급여기준(F)
2025-07-25 21:57:41,698 - WARNING - 소분류 요양급여기준(F) 일반 클릭 실패, 강제 클릭 시도
2025-07-25 21:57:45,230 - INFO -           └ 저장:  - 요양급여기준(F)
2025-07-25 21:57:45,230 - INFO -         [3/6] 소분류 처리: 요양급여비용산정기준(약제)(B)
2025-07-25 21:57:51,754 - WARNING - 소분류 요양급여비용산정기준(약제)(B) 일반 클릭 실패, 강제 클릭 시도
2025-07-25 21:57:55,289 - INFO -           └ 저장:  - 요양급여비용산정기준(약제)(B)
2025-07-25 21:57:55,289 - INFO -         [4/6] 소분류 처리: 요양급여비용산정기준(요양병원)(H)
2025-07-25 21:57:58,849 - INFO -           └ 저장:  - 요양급여비용산정기준(요양병원)(H)
2025-07-25 21:57:58,849 - INFO -         [5/6] 소분류 처리: 요양급여비용산정기준(치료재료)(C)
2025-07-25 21:58:02,410 - INFO -           └ 저장:  - 요양급여비용산정기준(치료재료)(C)
2025-07-25 21:58:02,410 - INFO -         [6/6] 소분류 처리: 요양급여비용산정기준(행위)(A)
2025-07-25 21:58:05,936 - INFO -           └ 저장:  - 요양급여비용산정기준(행위)(A)
2025-07-25 21:58:05,936 - INFO -     [6/6] 중분류 처리: 요양급여비용산정기준(치료재료)(C)
2025-07-25 21:58:09,494 - INFO - 소분류 항목 추출 시작...
2025-07-25 21:58:09,499 - INFO - 총 30개 요소 발견
2025-07-25 21:58:09,758 - INFO - 소분류 고유 항목 6개 추출 완료
2025-07-25 21:58:09,758 - INFO -       └ 6개 소분류 발견
2025-07-25 21:58:09,759 - INFO -         [1/6] 소분류 처리: 기타(G)
2025-07-25 21:58:13,324 - INFO -           └ 저장:  - 기타(G)
2025-07-25 21:58:13,324 - INFO -         [2/6] 소분류 처리: 고시 등(D)
2025-07-25 21:58:16,879 - INFO -           └ 저장:  - 고시 등(D)
2025-07-25 21:58:16,879 - INFO -         [3/6] 소분류 처리: 요양급여비용산정기준(치료재료)(C)
2025-07-25 21:58:23,400 - WARNING - 소분류 요양급여비용산정기준(치료재료)(C) 일반 클릭 실패, 강제 클릭 시도
2025-07-25 21:58:26,923 - INFO -           └ 저장:  - 요양급여비용산정기준(치료재료)(C)
2025-07-25 21:58:26,923 - INFO -         [4/6] 소분류 처리: 요양급여비용산정기준(요양병원)(H)
2025-07-25 21:58:33,448 - WARNING - 소분류 요양급여비용산정기준(요양병원)(H) 일반 클릭 실패, 강제 클릭 시도
2025-07-25 21:58:36,980 - INFO -           └ 저장:  - 요양급여비용산정기준(요양병원)(H)
2025-07-25 21:58:36,980 - INFO -         [5/6] 소분류 처리: 요양급여비용산정기준(약제)(B)
2025-07-25 21:58:40,524 - INFO -           └ 저장:  - 요양급여비용산정기준(약제)(B)
2025-07-25 21:58:40,524 - INFO -         [6/6] 소분류 처리: 요양급여기준(F)
2025-07-25 21:58:47,037 - WARNING - 소분류 요양급여기준(F) 일반 클릭 실패, 강제 클릭 시도
2025-07-25 21:58:50,569 - INFO -           └ 저장:  - 요양급여기준(F)
2025-07-25 21:58:50,569 - INFO - \n=== [4/6] 대분류 처리: 고시 등(D) ===
2025-07-25 21:58:54,129 - INFO - 중분류 항목 추출 시작...
2025-07-25 21:58:54,134 - INFO - 총 30개 요소 발견
2025-07-25 21:58:54,374 - INFO - 중분류 고유 항목 6개 추출 완료
2025-07-25 21:58:54,374 - INFO -   └ 6개 중분류 발견
2025-07-25 21:58:54,374 - INFO -     [1/6] 중분류 처리: 고시 등(D)
2025-07-25 21:59:00,897 - WARNING - 중분류 고시 등(D) 일반 클릭 실패, 강제 클릭 시도
2025-07-25 21:59:04,422 - INFO - 소분류 항목 추출 시작...
2025-07-25 21:59:04,427 - INFO - 총 30개 요소 발견
2025-07-25 21:59:04,657 - INFO - 소분류 고유 항목 6개 추출 완료
2025-07-25 21:59:04,657 - INFO -       └ 6개 소분류 발견
2025-07-25 21:59:04,658 - INFO -         [1/6] 소분류 처리: 기타(G)
2025-07-25 21:59:08,223 - INFO -           └ 저장:  - 기타(G)
2025-07-25 21:59:08,224 - INFO -         [2/6] 소분류 처리: 요양급여기준(F)
2025-07-25 21:59:11,763 - INFO -           └ 저장:  - 요양급여기준(F)
2025-07-25 21:59:11,763 - INFO -         [3/6] 소분류 처리: 요양급여비용산정기준(약제)(B)
2025-07-25 21:59:15,306 - INFO -           └ 저장:  - 요양급여비용산정기준(약제)(B)
2025-07-25 21:59:15,306 - INFO -         [4/6] 소분류 처리: 요양급여비용산정기준(요양병원)(H)
2025-07-25 21:59:18,855 - INFO -           └ 저장:  - 요양급여비용산정기준(요양병원)(H)
2025-07-25 21:59:18,855 - INFO -         [5/6] 소분류 처리: 요양급여비용산정기준(치료재료)(C)
2025-07-25 21:59:22,401 - INFO -           └ 저장:  - 요양급여비용산정기준(치료재료)(C)
2025-07-25 21:59:22,401 - INFO -         [6/6] 소분류 처리: 요양급여비용산정기준(행위)(A)
2025-07-25 21:59:25,955 - INFO -           └ 저장:  - 요양급여비용산정기준(행위)(A)
2025-07-25 21:59:25,956 - INFO -     [2/6] 중분류 처리: 의료보호(E)
2025-07-25 21:59:32,469 - WARNING - 중분류 의료보호(E) 일반 클릭 실패, 강제 클릭 시도
2025-07-25 21:59:35,995 - INFO - 소분류 항목 추출 시작...
2025-07-25 21:59:36,000 - INFO - 총 30개 요소 발견
2025-07-25 21:59:36,226 - INFO - 소분류 고유 항목 6개 추출 완료
2025-07-25 21:59:36,226 - INFO -       └ 6개 소분류 발견
2025-07-25 21:59:36,226 - INFO -         [1/6] 소분류 처리: 의료보호(E)
2025-07-25 21:59:39,794 - INFO -           └ 저장:  - 의료보호(E)
2025-07-25 21:59:39,794 - INFO -         [2/6] 소분류 처리: 요양급여기준(F)
2025-07-25 21:59:46,312 - WARNING - 소분류 요양급여기준(F) 일반 클릭 실패, 강제 클릭 시도
2025-07-25 21:59:49,837 - INFO -           └ 저장:  - 요양급여기준(F)
2025-07-25 21:59:49,837 - INFO -         [3/6] 소분류 처리: 요양급여비용산정기준(약제)(B)
2025-07-25 21:59:56,352 - WARNING - 소분류 요양급여비용산정기준(약제)(B) 일반 클릭 실패, 강제 클릭 시도
2025-07-25 21:59:59,888 - INFO -           └ 저장:  - 요양급여비용산정기준(약제)(B)
2025-07-25 21:59:59,888 - INFO -         [4/6] 소분류 처리: 요양급여비용산정기준(요양병원)(H)
2025-07-25 22:00:03,446 - INFO -           └ 저장:  - 요양급여비용산정기준(요양병원)(H)
2025-07-25 22:00:03,446 - INFO -         [5/6] 소분류 처리: 요양급여비용산정기준(치료재료)(C)
2025-07-25 22:00:06,990 - INFO -           └ 저장:  - 요양급여비용산정기준(치료재료)(C)
2025-07-25 22:00:06,990 - INFO -         [6/6] 소분류 처리: 요양급여비용산정기준(행위)(A)
2025-07-25 22:00:10,551 - INFO -           └ 저장:  - 요양급여비용산정기준(행위)(A)
2025-07-25 22:00:10,551 - INFO -     [3/6] 중분류 처리: 요양급여기준(F)
2025-07-25 22:00:17,063 - WARNING - 중분류 요양급여기준(F) 일반 클릭 실패, 강제 클릭 시도
2025-07-25 22:00:20,593 - INFO - 소분류 항목 추출 시작...
2025-07-25 22:00:20,598 - INFO - 총 30개 요소 발견
2025-07-25 22:00:20,829 - INFO - 소분류 고유 항목 6개 추출 완료
2025-07-25 22:00:20,829 - INFO -       └ 6개 소분류 발견
2025-07-25 22:00:20,830 - INFO -         [1/6] 소분류 처리: 고시 등(D)
2025-07-25 22:00:24,399 - INFO -           └ 저장:  - 고시 등(D)
2025-07-25 22:00:24,399 - INFO -         [2/6] 소분류 처리: 의료보호(E)
2025-07-25 22:00:27,951 - INFO -           └ 저장:  - 의료보호(E)
2025-07-25 22:00:27,951 - INFO -         [3/6] 소분류 처리: 요양급여기준(F)
2025-07-25 22:00:31,530 - INFO -           └ 저장:  - 요양급여기준(F)
2025-07-25 22:00:31,531 - INFO -         [4/6] 소분류 처리: 기타(G)
2025-07-25 22:00:35,088 - INFO -           └ 저장:  - 기타(G)
2025-07-25 22:00:35,088 - INFO -         [5/6] 소분류 처리: 요양급여비용산정기준(요양병원)(H)
2025-07-25 22:00:38,650 - INFO -           └ 저장:  - 요양급여비용산정기준(요양병원)(H)
2025-07-25 22:00:38,650 - INFO -         [6/6] 소분류 처리: 요양급여비용산정기준(치료재료)(C)
2025-07-25 22:00:45,165 - WARNING - 소분류 요양급여비용산정기준(치료재료)(C) 일반 클릭 실패, 강제 클릭 시도
2025-07-25 22:00:48,696 - INFO -           └ 저장:  - 요양급여비용산정기준(치료재료)(C)
2025-07-25 22:00:48,696 - INFO -     [4/6] 중분류 처리: 기타(G)
2025-07-25 22:00:52,252 - INFO - 소분류 항목 추출 시작...
2025-07-25 22:00:52,256 - INFO - 총 30개 요소 발견
2025-07-25 22:00:52,484 - INFO - 소분류 고유 항목 6개 추출 완료
2025-07-25 22:00:52,484 - INFO -       └ 6개 소분류 발견
2025-07-25 22:00:52,484 - INFO -         [1/6] 소분류 처리: 고시 등(D)
2025-07-25 22:00:59,008 - WARNING - 소분류 고시 등(D) 일반 클릭 실패, 강제 클릭 시도
2025-07-25 22:01:02,555 - INFO -           └ 저장:  - 고시 등(D)
2025-07-25 22:01:02,555 - INFO -         [2/6] 소분류 처리: 의료보호(E)
2025-07-25 22:01:06,114 - INFO -           └ 저장:  - 의료보호(E)
2025-07-25 22:01:06,114 - INFO -         [3/6] 소분류 처리: 요양급여기준(F)
2025-07-25 22:01:09,657 - INFO -           └ 저장:  - 요양급여기준(F)
2025-07-25 22:01:09,657 - INFO -         [4/6] 소분류 처리: 기타(G)
2025-07-25 22:01:13,201 - INFO -           └ 저장:  - 기타(G)
2025-07-25 22:01:13,201 - INFO -         [5/6] 소분류 처리: 요양급여비용산정기준(요양병원)(H)
2025-07-25 22:01:16,761 - INFO -           └ 저장:  - 요양급여비용산정기준(요양병원)(H)
2025-07-25 22:01:16,761 - INFO -         [6/6] 소분류 처리: 요양급여비용산정기준(치료재료)(C)
2025-07-25 22:01:20,323 - INFO -           └ 저장:  - 요양급여비용산정기준(치료재료)(C)
2025-07-25 22:01:20,323 - INFO -     [5/6] 중분류 처리: 요양급여비용산정기준(요양병원)(H)
2025-07-25 22:01:23,878 - INFO - 소분류 항목 추출 시작...
2025-07-25 22:01:23,882 - INFO - 총 30개 요소 발견
2025-07-25 22:01:24,120 - INFO - 소분류 고유 항목 6개 추출 완료
2025-07-25 22:01:24,121 - INFO -       └ 6개 소분류 발견
2025-07-25 22:01:24,121 - INFO -         [1/6] 소분류 처리: 의료보호(E)
2025-07-25 22:01:27,657 - INFO -           └ 저장:  - 의료보호(E)
2025-07-25 22:01:27,657 - INFO -         [2/6] 소분류 처리: 요양급여기준(F)
2025-07-25 22:01:34,174 - WARNING - 소분류 요양급여기준(F) 일반 클릭 실패, 강제 클릭 시도
2025-07-25 22:01:37,706 - INFO -           └ 저장:  - 요양급여기준(F)
2025-07-25 22:01:37,707 - INFO -         [3/6] 소분류 처리: 요양급여비용산정기준(약제)(B)
2025-07-25 22:01:44,223 - WARNING - 소분류 요양급여비용산정기준(약제)(B) 일반 클릭 실패, 강제 클릭 시도
2025-07-25 22:01:47,769 - INFO -           └ 저장:  - 요양급여비용산정기준(약제)(B)
2025-07-25 22:01:47,769 - INFO -         [4/6] 소분류 처리: 요양급여비용산정기준(요양병원)(H)
2025-07-25 22:01:51,314 - INFO -           └ 저장:  - 요양급여비용산정기준(요양병원)(H)
2025-07-25 22:01:51,314 - INFO -         [5/6] 소분류 처리: 요양급여비용산정기준(치료재료)(C)
2025-07-25 22:01:54,875 - INFO -           └ 저장:  - 요양급여비용산정기준(치료재료)(C)
2025-07-25 22:01:54,875 - INFO -         [6/6] 소분류 처리: 요양급여비용산정기준(행위)(A)
2025-07-25 22:01:58,419 - INFO -           └ 저장:  - 요양급여비용산정기준(행위)(A)
2025-07-25 22:01:58,420 - INFO -     [6/6] 중분류 처리: 요양급여비용산정기준(치료재료)(C)
2025-07-25 22:02:01,954 - INFO - 소분류 항목 추출 시작...
2025-07-25 22:02:01,960 - INFO - 총 30개 요소 발견
2025-07-25 22:02:02,186 - INFO - 소분류 고유 항목 6개 추출 완료
2025-07-25 22:02:02,186 - INFO -       └ 6개 소분류 발견
2025-07-25 22:02:02,186 - INFO -         [1/6] 소분류 처리: 기타(G)
2025-07-25 22:02:05,752 - INFO -           └ 저장:  - 기타(G)
2025-07-25 22:02:05,752 - INFO -         [2/6] 소분류 처리: 고시 등(D)
2025-07-25 22:02:09,297 - INFO -           └ 저장:  - 고시 등(D)
2025-07-25 22:02:09,298 - INFO -         [3/6] 소분류 처리: 요양급여비용산정기준(치료재료)(C)
2025-07-25 22:02:15,813 - WARNING - 소분류 요양급여비용산정기준(치료재료)(C) 일반 클릭 실패, 강제 클릭 시도
2025-07-25 22:02:19,342 - INFO -           └ 저장:  - 요양급여비용산정기준(치료재료)(C)
2025-07-25 22:02:19,342 - INFO -         [4/6] 소분류 처리: 요양급여비용산정기준(요양병원)(H)
2025-07-25 22:02:25,861 - WARNING - 소분류 요양급여비용산정기준(요양병원)(H) 일반 클릭 실패, 강제 클릭 시도
2025-07-25 22:02:29,410 - INFO -           └ 저장:  - 요양급여비용산정기준(요양병원)(H)
2025-07-25 22:02:29,410 - INFO -         [5/6] 소분류 처리: 요양급여비용산정기준(약제)(B)
2025-07-25 22:02:32,949 - INFO -           └ 저장:  - 요양급여비용산정기준(약제)(B)
2025-07-25 22:02:32,949 - INFO -         [6/6] 소분류 처리: 요양급여기준(F)
2025-07-25 22:02:39,468 - WARNING - 소분류 요양급여기준(F) 일반 클릭 실패, 강제 클릭 시도
2025-07-25 22:02:43,000 - INFO -           └ 저장:  - 요양급여기준(F)
2025-07-25 22:02:43,000 - INFO - \n=== [5/6] 대분류 처리: 의료보호(E) ===
2025-07-25 22:02:46,546 - INFO - 중분류 항목 추출 시작...
2025-07-25 22:02:46,550 - INFO - 총 30개 요소 발견
2025-07-25 22:02:46,787 - INFO - 중분류 고유 항목 6개 추출 완료
2025-07-25 22:02:46,787 - INFO -   └ 6개 중분류 발견
2025-07-25 22:02:46,787 - INFO -     [1/6] 중분류 처리: 고시 등(D)
2025-07-25 22:02:53,306 - WARNING - 중분류 고시 등(D) 일반 클릭 실패, 강제 클릭 시도
2025-07-25 22:02:56,851 - INFO - 소분류 항목 추출 시작...
2025-07-25 22:02:56,856 - INFO - 총 30개 요소 발견
2025-07-25 22:02:57,085 - INFO - 소분류 고유 항목 6개 추출 완료
2025-07-25 22:02:57,085 - INFO -       └ 6개 소분류 발견
2025-07-25 22:02:57,085 - INFO -         [1/6] 소분류 처리: 요양급여비용산정기준(요양병원)(H)
2025-07-25 22:03:00,651 - INFO -           └ 저장:  - 요양급여비용산정기준(요양병원)(H)
2025-07-25 22:03:00,651 - INFO -         [2/6] 소분류 처리: 요양급여비용산정기준(치료재료)(C)
2025-07-25 22:03:04,210 - INFO -           └ 저장:  - 요양급여비용산정기준(치료재료)(C)
2025-07-25 22:03:04,210 - INFO -         [3/6] 소분류 처리: 요양급여비용산정기준(행위)(A)
2025-07-25 22:03:07,754 - INFO -           └ 저장:  - 요양급여비용산정기준(행위)(A)
2025-07-25 22:03:07,754 - INFO -         [4/6] 소분류 처리: 의료보호(E)
2025-07-25 22:03:11,297 - INFO -           └ 저장:  - 의료보호(E)
2025-07-25 22:03:11,297 - INFO -         [5/6] 소분류 처리: 요양급여비용산정기준(약제)(B)
2025-07-25 22:03:17,805 - WARNING - 소분류 요양급여비용산정기준(약제)(B) 일반 클릭 실패, 강제 클릭 시도
2025-07-25 22:03:21,356 - INFO -           └ 저장:  - 요양급여비용산정기준(약제)(B)
2025-07-25 22:03:21,356 - INFO -         [6/6] 소분류 처리: 요양급여기준(F)
2025-07-25 22:03:24,906 - INFO -           └ 저장:  - 요양급여기준(F)
2025-07-25 22:03:24,906 - INFO -     [2/6] 중분류 처리: 의료보호(E)
2025-07-25 22:03:28,444 - INFO - 소분류 항목 추출 시작...
2025-07-25 22:03:28,449 - INFO - 총 30개 요소 발견
2025-07-25 22:03:28,730 - INFO - 소분류 고유 항목 6개 추출 완료
2025-07-25 22:03:28,730 - INFO -       └ 6개 소분류 발견
2025-07-25 22:03:28,730 - INFO -         [1/6] 소분류 처리: 기타(G)
2025-07-25 22:03:32,280 - INFO -           └ 저장:  - 기타(G)
2025-07-25 22:03:32,280 - INFO -         [2/6] 소분류 처리: 요양급여비용산정기준(행위)(A)
2025-07-25 22:03:35,866 - INFO -           └ 저장:  - 요양급여비용산정기준(행위)(A)
2025-07-25 22:03:35,866 - INFO -         [3/6] 소분류 처리: 요양급여비용산정기준(치료재료)(C)
2025-07-25 22:03:42,380 - WARNING - 소분류 요양급여비용산정기준(치료재료)(C) 일반 클릭 실패, 강제 클릭 시도
2025-07-25 22:03:45,911 - INFO -           └ 저장:  - 요양급여비용산정기준(치료재료)(C)
2025-07-25 22:03:45,912 - INFO -         [4/6] 소분류 처리: 요양급여비용산정기준(요양병원)(H)
2025-07-25 22:03:49,448 - INFO -           └ 저장:  - 요양급여비용산정기준(요양병원)(H)
2025-07-25 22:03:49,449 - INFO -         [5/6] 소분류 처리: 요양급여비용산정기준(약제)(B)
2025-07-25 22:03:52,997 - INFO -           └ 저장:  - 요양급여비용산정기준(약제)(B)
2025-07-25 22:03:52,997 - INFO -         [6/6] 소분류 처리: 요양급여기준(F)
2025-07-25 22:03:59,519 - WARNING - 소분류 요양급여기준(F) 일반 클릭 실패, 강제 클릭 시도
2025-07-25 22:04:03,050 - INFO -           └ 저장:  - 요양급여기준(F)
2025-07-25 22:04:03,050 - INFO -     [3/6] 중분류 처리: 요양급여기준(F)
2025-07-25 22:04:06,606 - INFO - 소분류 항목 추출 시작...
2025-07-25 22:04:06,611 - INFO - 총 30개 요소 발견
2025-07-25 22:04:06,864 - INFO - 소분류 고유 항목 6개 추출 완료
2025-07-25 22:04:06,864 - INFO -       └ 6개 소분류 발견
2025-07-25 22:04:06,864 - INFO -         [1/6] 소분류 처리: 고시 등(D)
2025-07-25 22:04:13,371 - WARNING - 소분류 고시 등(D) 일반 클릭 실패, 강제 클릭 시도
2025-07-25 22:04:16,918 - INFO -           └ 저장:  - 고시 등(D)
2025-07-25 22:04:16,919 - INFO -         [2/6] 소분류 처리: 의료보호(E)
2025-07-25 22:04:20,461 - INFO -           └ 저장:  - 의료보호(E)
2025-07-25 22:04:20,461 - INFO -         [3/6] 소분류 처리: 요양급여기준(F)
2025-07-25 22:04:24,011 - INFO -           └ 저장:  - 요양급여기준(F)
2025-07-25 22:04:24,011 - INFO -         [4/6] 소분류 처리: 기타(G)
2025-07-25 22:04:27,552 - INFO -           └ 저장:  - 기타(G)
2025-07-25 22:04:27,553 - INFO -         [5/6] 소분류 처리: 요양급여비용산정기준(요양병원)(H)
2025-07-25 22:04:31,113 - INFO -           └ 저장:  - 요양급여비용산정기준(요양병원)(H)
2025-07-25 22:04:31,113 - INFO -         [6/6] 소분류 처리: 요양급여비용산정기준(치료재료)(C)
2025-07-25 22:04:34,649 - INFO -           └ 저장:  - 요양급여비용산정기준(치료재료)(C)
2025-07-25 22:04:34,650 - INFO -     [4/6] 중분류 처리: 기타(G)
2025-07-25 22:04:38,197 - INFO - 소분류 항목 추출 시작...
2025-07-25 22:04:38,202 - INFO - 총 30개 요소 발견
2025-07-25 22:04:38,460 - INFO - 소분류 고유 항목 6개 추출 완료
2025-07-25 22:04:38,460 - INFO -       └ 6개 소분류 발견
2025-07-25 22:04:38,461 - INFO -         [1/6] 소분류 처리: 요양급여기준(F)
2025-07-25 22:04:44,971 - WARNING - 소분류 요양급여기준(F) 일반 클릭 실패, 강제 클릭 시도
2025-07-25 22:04:48,507 - INFO -           └ 저장:  - 요양급여기준(F)
2025-07-25 22:04:48,507 - INFO -         [2/6] 소분류 처리: 요양급여비용산정기준(약제)(B)
2025-07-25 22:04:55,027 - WARNING - 소분류 요양급여비용산정기준(약제)(B) 일반 클릭 실패, 강제 클릭 시도
2025-07-25 22:04:58,553 - INFO -           └ 저장:  - 요양급여비용산정기준(약제)(B)
2025-07-25 22:04:58,553 - INFO -         [3/6] 소분류 처리: 요양급여비용산정기준(요양병원)(H)
2025-07-25 22:05:02,107 - INFO -           └ 저장:  - 요양급여비용산정기준(요양병원)(H)
2025-07-25 22:05:02,107 - INFO -         [4/6] 소분류 처리: 요양급여비용산정기준(치료재료)(C)
2025-07-25 22:05:05,645 - INFO -           └ 저장:  - 요양급여비용산정기준(치료재료)(C)
2025-07-25 22:05:05,645 - INFO -         [5/6] 소분류 처리: 요양급여비용산정기준(행위)(A)
2025-07-25 22:05:09,209 - INFO -           └ 저장:  - 요양급여비용산정기준(행위)(A)
2025-07-25 22:05:09,209 - INFO -         [6/6] 소분류 처리: 의료보호(E)
2025-07-25 22:05:12,744 - INFO -           └ 저장:  - 의료보호(E)
2025-07-25 22:05:12,745 - INFO -     [5/6] 중분류 처리: 요양급여비용산정기준(요양병원)(H)
2025-07-25 22:05:16,302 - INFO - 소분류 항목 추출 시작...
2025-07-25 22:05:16,306 - INFO - 총 30개 요소 발견
2025-07-25 22:05:16,563 - INFO - 소분류 고유 항목 6개 추출 완료
2025-07-25 22:05:16,563 - INFO -       └ 6개 소분류 발견
2025-07-25 22:05:16,563 - INFO -         [1/6] 소분류 처리: 요양급여비용산정기준(치료재료)(C)
2025-07-25 22:05:23,080 - WARNING - 소분류 요양급여비용산정기준(치료재료)(C) 일반 클릭 실패, 강제 클릭 시도
2025-07-25 22:05:26,622 - INFO -           └ 저장:  - 요양급여비용산정기준(치료재료)(C)
2025-07-25 22:05:26,622 - INFO -         [2/6] 소분류 처리: 요양급여비용산정기준(요양병원)(H)
2025-07-25 22:05:33,142 - WARNING - 소분류 요양급여비용산정기준(요양병원)(H) 일반 클릭 실패, 강제 클릭 시도
2025-07-25 22:05:36,685 - INFO -           └ 저장:  - 요양급여비용산정기준(요양병원)(H)
2025-07-25 22:05:36,685 - INFO -         [3/6] 소분류 처리: 요양급여비용산정기준(약제)(B)
2025-07-25 22:05:40,232 - INFO -           └ 저장:  - 요양급여비용산정기준(약제)(B)
2025-07-25 22:05:40,232 - INFO -         [4/6] 소분류 처리: 요양급여기준(F)
2025-07-25 22:05:43,790 - INFO -           └ 저장:  - 요양급여기준(F)
2025-07-25 22:05:43,790 - INFO -         [5/6] 소분류 처리: 기타(G)
2025-07-25 22:05:50,308 - WARNING - 소분류 기타(G) 일반 클릭 실패, 강제 클릭 시도
2025-07-25 22:05:53,852 - INFO -           └ 저장:  - 기타(G)
2025-07-25 22:05:53,852 - INFO -         [6/6] 소분류 처리: 고시 등(D)
2025-07-25 22:06:00,372 - WARNING - 소분류 고시 등(D) 일반 클릭 실패, 강제 클릭 시도
2025-07-25 22:06:03,907 - INFO -           └ 저장:  - 고시 등(D)
2025-07-25 22:06:03,907 - INFO -     [6/6] 중분류 처리: 요양급여비용산정기준(치료재료)(C)
2025-07-25 22:06:10,423 - WARNING - 중분류 요양급여비용산정기준(치료재료)(C) 일반 클릭 실패, 강제 클릭 시도
2025-07-25 22:06:13,951 - INFO - 소분류 항목 추출 시작...
2025-07-25 22:06:13,955 - INFO - 총 30개 요소 발견
2025-07-25 22:06:14,213 - INFO - 소분류 고유 항목 6개 추출 완료
2025-07-25 22:06:14,213 - INFO -       └ 6개 소분류 발견
2025-07-25 22:06:14,213 - INFO -         [1/6] 소분류 처리: 요양급여비용산정기준(요양병원)(H)
2025-07-25 22:06:17,765 - INFO -           └ 저장:  - 요양급여비용산정기준(요양병원)(H)
2025-07-25 22:06:17,765 - INFO -         [2/6] 소분류 처리: 요양급여비용산정기준(치료재료)(C)
2025-07-25 22:06:21,313 - INFO -           └ 저장:  - 요양급여비용산정기준(치료재료)(C)
2025-07-25 22:06:21,314 - INFO -         [3/6] 소분류 처리: 요양급여비용산정기준(행위)(A)
2025-07-25 22:06:24,857 - INFO -           └ 저장:  - 요양급여비용산정기준(행위)(A)
2025-07-25 22:06:24,857 - INFO -         [4/6] 소분류 처리: 의료보호(E)
2025-07-25 22:06:28,410 - INFO -           └ 저장:  - 의료보호(E)
2025-07-25 22:06:28,411 - INFO -         [5/6] 소분류 처리: 요양급여비용산정기준(약제)(B)
2025-07-25 22:06:34,926 - WARNING - 소분류 요양급여비용산정기준(약제)(B) 일반 클릭 실패, 강제 클릭 시도
2025-07-25 22:06:38,472 - INFO -           └ 저장:  - 요양급여비용산정기준(약제)(B)
2025-07-25 22:06:38,472 - INFO -         [6/6] 소분류 처리: 요양급여기준(F)
2025-07-25 22:06:42,069 - INFO -           └ 저장:  - 요양급여기준(F)
2025-07-25 22:06:42,069 - INFO - \n=== [6/6] 대분류 처리: 요양급여기준(F) ===
2025-07-25 22:06:45,650 - INFO - 중분류 항목 추출 시작...
2025-07-25 22:06:45,654 - INFO - 총 30개 요소 발견
2025-07-25 22:06:45,892 - INFO - 중분류 고유 항목 6개 추출 완료
2025-07-25 22:06:45,893 - INFO -   └ 6개 중분류 발견
2025-07-25 22:06:45,893 - INFO -     [1/6] 중분류 처리: 기타(G)
2025-07-25 22:06:49,478 - INFO - 소분류 항목 추출 시작...
2025-07-25 22:06:49,483 - INFO - 총 30개 요소 발견
2025-07-25 22:06:49,731 - INFO - 소분류 고유 항목 6개 추출 완료
2025-07-25 22:06:49,731 - INFO -       └ 6개 소분류 발견
2025-07-25 22:06:49,731 - INFO -         [1/6] 소분류 처리: 기타(G)
2025-07-25 22:06:53,309 - INFO -           └ 저장:  - 기타(G)
2025-07-25 22:06:53,309 - INFO -         [2/6] 소분류 처리: 고시 등(D)
2025-07-25 22:06:56,839 - INFO -           └ 저장:  - 고시 등(D)
2025-07-25 22:06:56,840 - INFO -         [3/6] 소분류 처리: 요양급여비용산정기준(치료재료)(C)
2025-07-25 22:07:03,354 - WARNING - 소분류 요양급여비용산정기준(치료재료)(C) 일반 클릭 실패, 강제 클릭 시도
2025-07-25 22:07:06,885 - INFO -           └ 저장:  - 요양급여비용산정기준(치료재료)(C)
2025-07-25 22:07:06,885 - INFO -         [4/6] 소분류 처리: 요양급여비용산정기준(요양병원)(H)
2025-07-25 22:07:13,388 - WARNING - 소분류 요양급여비용산정기준(요양병원)(H) 일반 클릭 실패, 강제 클릭 시도
2025-07-25 22:07:16,929 - INFO -           └ 저장:  - 요양급여비용산정기준(요양병원)(H)
2025-07-25 22:07:16,929 - INFO -         [5/6] 소분류 처리: 요양급여비용산정기준(약제)(B)
2025-07-25 22:07:20,501 - INFO -           └ 저장:  - 요양급여비용산정기준(약제)(B)
2025-07-25 22:07:20,502 - INFO -         [6/6] 소분류 처리: 요양급여기준(F)
2025-07-25 22:07:27,022 - WARNING - 소분류 요양급여기준(F) 일반 클릭 실패, 강제 클릭 시도
2025-07-25 22:07:30,542 - INFO -           └ 저장:  - 요양급여기준(F)
2025-07-25 22:07:30,542 - INFO -     [2/6] 중분류 처리: 고시 등(D)
2025-07-25 22:07:34,098 - INFO - 소분류 항목 추출 시작...
2025-07-25 22:07:34,103 - INFO - 총 30개 요소 발견
2025-07-25 22:07:34,328 - INFO - 소분류 고유 항목 6개 추출 완료
2025-07-25 22:07:34,328 - INFO -       └ 6개 소분류 발견
2025-07-25 22:07:34,328 - INFO -         [1/6] 소분류 처리: 고시 등(D)
2025-07-25 22:07:40,849 - WARNING - 소분류 고시 등(D) 일반 클릭 실패, 강제 클릭 시도
2025-07-25 22:07:44,401 - INFO -           └ 저장:  - 고시 등(D)
2025-07-25 22:07:44,402 - INFO -         [2/6] 소분류 처리: 의료보호(E)
2025-07-25 22:07:47,944 - INFO -           └ 저장:  - 의료보호(E)
2025-07-25 22:07:47,944 - INFO -         [3/6] 소분류 처리: 요양급여기준(F)
2025-07-25 22:07:51,502 - INFO -           └ 저장:  - 요양급여기준(F)
2025-07-25 22:07:51,502 - INFO -         [4/6] 소분류 처리: 기타(G)
2025-07-25 22:07:55,042 - INFO -           └ 저장:  - 기타(G)
2025-07-25 22:07:55,042 - INFO -         [5/6] 소분류 처리: 요양급여비용산정기준(요양병원)(H)
2025-07-25 22:08:01,560 - WARNING - 소분류 요양급여비용산정기준(요양병원)(H) 일반 클릭 실패, 강제 클릭 시도
2025-07-25 22:08:05,112 - INFO -           └ 저장:  - 요양급여비용산정기준(요양병원)(H)
2025-07-25 22:08:05,112 - INFO -         [6/6] 소분류 처리: 요양급여비용산정기준(치료재료)(C)
2025-07-25 22:08:08,639 - INFO -           └ 저장:  - 요양급여비용산정기준(치료재료)(C)
2025-07-25 22:08:08,639 - INFO -     [3/6] 중분류 처리: 요양급여비용산정기준(치료재료)(C)
2025-07-25 22:08:12,174 - INFO - 소분류 항목 추출 시작...
2025-07-25 22:08:12,178 - INFO - 총 30개 요소 발견
2025-07-25 22:08:12,435 - INFO - 소분류 고유 항목 6개 추출 완료
2025-07-25 22:08:12,435 - INFO -       └ 6개 소분류 발견
2025-07-25 22:08:12,435 - INFO -         [1/6] 소분류 처리: 기타(G)
2025-07-25 22:08:15,992 - INFO -           └ 저장:  - 기타(G)
2025-07-25 22:08:15,993 - INFO -         [2/6] 소분류 처리: 요양급여비용산정기준(행위)(A)
2025-07-25 22:08:19,583 - INFO -           └ 저장:  - 요양급여비용산정기준(행위)(A)
2025-07-25 22:08:19,583 - INFO -         [3/6] 소분류 처리: 요양급여비용산정기준(치료재료)(C)
2025-07-25 22:08:26,101 - WARNING - 소분류 요양급여비용산정기준(치료재료)(C) 일반 클릭 실패, 강제 클릭 시도
2025-07-25 22:08:29,632 - INFO -           └ 저장:  - 요양급여비용산정기준(치료재료)(C)
2025-07-25 22:08:29,632 - INFO -         [4/6] 소분류 처리: 요양급여비용산정기준(요양병원)(H)
2025-07-25 22:08:33,188 - INFO -           └ 저장:  - 요양급여비용산정기준(요양병원)(H)
2025-07-25 22:08:33,188 - INFO -         [5/6] 소분류 처리: 요양급여비용산정기준(약제)(B)
2025-07-25 22:08:36,755 - INFO -           └ 저장:  - 요양급여비용산정기준(약제)(B)
2025-07-25 22:08:36,756 - INFO -         [6/6] 소분류 처리: 요양급여기준(F)
2025-07-25 22:08:43,271 - WARNING - 소분류 요양급여기준(F) 일반 클릭 실패, 강제 클릭 시도
2025-07-25 22:08:46,798 - INFO -           └ 저장:  - 요양급여기준(F)
2025-07-25 22:08:46,798 - INFO -     [4/6] 중분류 처리: 요양급여비용산정기준(요양병원)(H)
2025-07-25 22:08:50,320 - INFO - 소분류 항목 추출 시작...
2025-07-25 22:08:50,325 - INFO - 총 30개 요소 발견
2025-07-25 22:08:50,586 - INFO - 소분류 고유 항목 6개 추출 완료
2025-07-25 22:08:50,586 - INFO -       └ 6개 소분류 발견
2025-07-25 22:08:50,586 - INFO -         [1/6] 소분류 처리: 고시 등(D)
2025-07-25 22:08:57,113 - WARNING - 소분류 고시 등(D) 일반 클릭 실패, 강제 클릭 시도
2025-07-25 22:09:00,655 - INFO -           └ 저장:  - 고시 등(D)
2025-07-25 22:09:00,655 - INFO -         [2/6] 소분류 처리: 의료보호(E)
2025-07-25 22:09:04,200 - INFO -           └ 저장:  - 의료보호(E)
2025-07-25 22:09:04,201 - INFO -         [3/6] 소분류 처리: 요양급여기준(F)
2025-07-25 22:09:07,739 - INFO -           └ 저장:  - 요양급여기준(F)
2025-07-25 22:09:07,739 - INFO -         [4/6] 소분류 처리: 기타(G)
2025-07-25 22:09:11,305 - INFO -           └ 저장:  - 기타(G)
2025-07-25 22:09:11,305 - INFO -         [5/6] 소분류 처리: 요양급여비용산정기준(요양병원)(H)
2025-07-25 22:09:14,862 - INFO -           └ 저장:  - 요양급여비용산정기준(요양병원)(H)
2025-07-25 22:09:14,862 - INFO -         [6/6] 소분류 처리: 요양급여비용산정기준(치료재료)(C)
2025-07-25 22:09:18,403 - INFO -           └ 저장:  - 요양급여비용산정기준(치료재료)(C)
2025-07-25 22:09:18,403 - INFO -     [5/6] 중분류 처리: 요양급여비용산정기준(약제)(B)
2025-07-25 22:09:21,931 - INFO - 소분류 항목 추출 시작...
2025-07-25 22:09:21,937 - INFO - 총 30개 요소 발견
2025-07-25 22:09:22,207 - INFO - 소분류 고유 항목 6개 추출 완료
2025-07-25 22:09:22,208 - INFO -       └ 6개 소분류 발견
2025-07-25 22:09:22,208 - INFO -         [1/6] 소분류 처리: 의료보호(E)
2025-07-25 22:09:25,770 - INFO -           └ 저장:  - 의료보호(E)
2025-07-25 22:09:25,770 - INFO -         [2/6] 소분류 처리: 요양급여기준(F)
2025-07-25 22:09:32,278 - WARNING - 소분류 요양급여기준(F) 일반 클릭 실패, 강제 클릭 시도
2025-07-25 22:09:35,808 - INFO -           └ 저장:  - 요양급여기준(F)
2025-07-25 22:09:35,808 - INFO -         [3/6] 소분류 처리: 요양급여비용산정기준(약제)(B)
2025-07-25 22:09:42,314 - WARNING - 소분류 요양급여비용산정기준(약제)(B) 일반 클릭 실패, 강제 클릭 시도
2025-07-25 22:09:45,850 - INFO -           └ 저장:  - 요양급여비용산정기준(약제)(B)
2025-07-25 22:09:45,850 - INFO -         [4/6] 소분류 처리: 요양급여비용산정기준(요양병원)(H)
2025-07-25 22:09:49,416 - INFO -           └ 저장:  - 요양급여비용산정기준(요양병원)(H)
2025-07-25 22:09:49,416 - INFO -         [5/6] 소분류 처리: 요양급여비용산정기준(치료재료)(C)
2025-07-25 22:09:52,958 - INFO -           └ 저장:  - 요양급여비용산정기준(치료재료)(C)
2025-07-25 22:09:52,959 - INFO -         [6/6] 소분류 처리: 요양급여비용산정기준(행위)(A)
2025-07-25 22:09:56,504 - INFO -           └ 저장:  - 요양급여비용산정기준(행위)(A)
2025-07-25 22:09:56,504 - INFO -     [6/6] 중분류 처리: 요양급여기준(F)
2025-07-25 22:10:00,041 - INFO - 소분류 항목 추출 시작...
2025-07-25 22:10:00,046 - INFO - 총 30개 요소 발견
2025-07-25 22:10:00,349 - INFO - 소분류 고유 항목 6개 추출 완료
2025-07-25 22:10:00,349 - INFO -       └ 6개 소분류 발견
2025-07-25 22:10:00,349 - INFO -         [1/6] 소분류 처리: 기타(G)
2025-07-25 22:10:03,883 - INFO -           └ 저장:  - 기타(G)
2025-07-25 22:10:03,884 - INFO -         [2/6] 소분류 처리: 고시 등(D)
2025-07-25 22:10:07,433 - INFO -           └ 저장:  - 고시 등(D)
2025-07-25 22:10:07,433 - INFO -         [3/6] 소분류 처리: 요양급여비용산정기준(치료재료)(C)
2025-07-25 22:10:13,959 - WARNING - 소분류 요양급여비용산정기준(치료재료)(C) 일반 클릭 실패, 강제 클릭 시도
2025-07-25 22:10:17,500 - INFO -           └ 저장:  - 요양급여비용산정기준(치료재료)(C)
2025-07-25 22:10:17,500 - INFO -         [4/6] 소분류 처리: 요양급여비용산정기준(요양병원)(H)
2025-07-25 22:10:24,009 - WARNING - 소분류 요양급여비용산정기준(요양병원)(H) 일반 클릭 실패, 강제 클릭 시도
2025-07-25 22:10:27,539 - INFO -           └ 저장:  - 요양급여비용산정기준(요양병원)(H)
2025-07-25 22:10:27,539 - INFO -         [5/6] 소분류 처리: 요양급여비용산정기준(약제)(B)
2025-07-25 22:10:31,104 - INFO -           └ 저장:  - 요양급여비용산정기준(약제)(B)
2025-07-25 22:10:31,104 - INFO -         [6/6] 소분류 처리: 요양급여기준(F)
2025-07-25 22:10:37,616 - WARNING - 소분류 요양급여기준(F) 일반 클릭 실패, 강제 클릭 시도
2025-07-25 22:10:41,151 - INFO -           └ 저장:  - 요양급여기준(F)
2025-07-25 22:10:41,152 - INFO - \n깊은 계층 순회 완료. 총 216개 항목 수집
2025-07-25 22:10:41,153 - INFO - CSV 파일 저장 완료: output\hira_deep_classification_20250725_221041.csv
2025-07-25 22:10:41,153 - INFO - 총 216개 항목 저장
2025-07-25 22:10:41,154 - INFO - 수집 통계: {'대분류만': 216, '중분류까지': 0, '소분류까지': 0}
2025-07-25 22:10:41,154 - INFO - 깊은 계층 분류 정보 저장 완료: output\hira_deep_classification_20250725_221041.csv
2025-07-25 22:10:41,154 - INFO - 브라우저 정리 완료
