2025-07-25 21:41:38,089 - INFO - HIRA 상세 색인분류 추출 시작
2025-07-25 21:41:42,599 - INFO - 메인 페이지 접속: https://biz.hira.or.kr/index.do
2025-07-25 21:41:45,435 - INFO - Nexacro 메인 애플리케이션 로딩 대기...
2025-07-25 21:41:55,466 - INFO - 메뉴 링크 발견: text=심사기준 종합서비스
2025-07-25 21:41:56,807 - INFO - Nexacro 팝업 애플리케이션 로딩 대기...
2025-07-25 21:42:06,815 - INFO - 팝업 페이지 로딩 완료
2025-07-25 21:42:06,815 - INFO - 색인분류검색 모달 열기 시도...
2025-07-25 21:42:09,839 - INFO - 색인분류검색 버튼 발견!
2025-07-25 21:42:13,894 - INFO - 색인분류검색 모달이 성공적으로 열렸습니다
2025-07-25 21:42:13,894 - INFO - 상세 색인분류 트리 순회 시작...
2025-07-25 21:42:13,901 - INFO - 총 30개 분류 항목 발견
2025-07-25 21:42:14,157 - INFO - 고유한 분류 항목 6개 추출
2025-07-25 21:42:14,158 - INFO - [1/6] 분류 항목 분석: 요양급여비용산정기준(행위)(A)
2025-07-25 21:42:14,161 - INFO - 분류 항목 상세 분석 시작: '요양급여비용산정기준(행위)(A)'
2025-07-25 21:42:17,211 - INFO - 추출 완료 - 코드: A, 상세코드: A, 명칭: 요양급여비용산정기준(행위)(A)
2025-07-25 21:42:17,211 - INFO - 저장: A - 요양급여비용산정기준(행위)(A)
2025-07-25 21:42:17,211 - INFO - [2/6] 분류 항목 분석: 요양급여비용산정기준(약제)(B)
2025-07-25 21:42:17,215 - INFO - 분류 항목 상세 분석 시작: '요양급여비용산정기준(약제)(B)'
2025-07-25 21:42:20,279 - INFO - 추출 완료 - 코드: B, 상세코드: B, 명칭: 요양급여비용산정기준(약제)(B)
2025-07-25 21:42:20,280 - INFO - 저장: B - 요양급여비용산정기준(약제)(B)
2025-07-25 21:42:20,280 - INFO - [3/6] 분류 항목 분석: 요양급여비용산정기준(치료재료)(C)
2025-07-25 21:42:20,284 - INFO - 분류 항목 상세 분석 시작: '요양급여비용산정기준(치료재료)(C)'
2025-07-25 21:42:23,333 - INFO - 추출 완료 - 코드: C, 상세코드: C, 명칭: 요양급여비용산정기준(치료재료)(C)
2025-07-25 21:42:23,333 - INFO - 저장: C - 요양급여비용산정기준(치료재료)(C)
2025-07-25 21:42:23,333 - INFO - [4/6] 분류 항목 분석: 고시 등(D)
2025-07-25 21:42:23,337 - INFO - 분류 항목 상세 분석 시작: '고시 등(D)'
2025-07-25 21:42:26,380 - INFO - 추출 완료 - 코드: D, 상세코드: D, 명칭: 고시 등(D)
2025-07-25 21:42:26,380 - INFO - 저장: D - 고시 등(D)
2025-07-25 21:42:26,380 - INFO - [5/6] 분류 항목 분석: 의료보호(E)
2025-07-25 21:42:26,385 - INFO - 분류 항목 상세 분석 시작: '의료보호(E)'
2025-07-25 21:42:29,444 - INFO - 추출 완료 - 코드: E, 상세코드: E, 명칭: 의료보호(E)
2025-07-25 21:42:29,444 - INFO - 저장: E - 의료보호(E)
2025-07-25 21:42:29,444 - INFO - [6/6] 분류 항목 분석: 요양급여기준(F)
2025-07-25 21:42:29,449 - INFO - 분류 항목 상세 분석 시작: '요양급여기준(F)'
2025-07-25 21:42:32,492 - INFO - 추출 완료 - 코드: F, 상세코드: F, 명칭: 요양급여기준(F)
2025-07-25 21:42:32,492 - INFO - 저장: F - 요양급여기준(F)
2025-07-25 21:42:32,492 - INFO - 상세 분류 정보 수집 완료. 총 6개 항목
2025-07-25 21:42:32,494 - INFO - CSV 파일 저장 완료: output\hira_detailed_classification_20250725_214232.csv
2025-07-25 21:42:32,494 - INFO - 총 6개 항목 저장
2025-07-25 21:42:32,494 - INFO - 상세 분류 정보 저장 완료: output\hira_detailed_classification_20250725_214232.csv
2025-07-25 21:42:32,494 - INFO - 브라우저 정리 완료
