2025-07-25 19:03:39,667 - INFO - HIRA 색인분류 트리 전체 탐색 시작
2025-07-25 19:03:40,595 - INFO - 웹사이트 접속: https://biz.hira.or.kr/popup.ndo?formname=qya_bizcom%3A%3AInfoBank.xfdl&framename=InfoBank
2025-07-25 19:03:48,501 - INFO - 색인분류 검색 모달 열기 시도...
2025-07-25 19:03:48,542 - ERROR - 색인분류 검색 버튼을 찾을 수 없습니다.
2025-07-25 19:03:48,542 - ERROR - 색인분류 모달 열기 실패
2025-07-25 19:47:14,826 - INFO - HIRA 색인분류 트리 전체 탐색 시작
2025-07-25 19:47:15,785 - INFO - 웹사이트 접속: https://biz.hira.or.kr/popup.ndo?formname=qya_bizcom%3A%3AInfoBank.xfdl&framename=InfoBank
2025-07-25 19:47:17,703 - INFO - Nexacro 애플리케이션 로딩 대기...
2025-07-25 19:47:27,720 - WARNING - 기본 검색 입력창을 찾을 수 없음. 계속 진행...
2025-07-25 19:47:30,728 - INFO - 색인분류 검색 모달 열기 시도...
2025-07-25 19:47:30,728 - INFO - === 페이지 디버깅 시작 ===
2025-07-25 19:47:30,730 - ERROR - 페이지 디버깅 실패: Locator.all: Target page, context or browser has been closed
2025-07-25 19:47:30,730 - INFO - [선택자 1/19] 시도: text=색인분류 검색
2025-07-25 19:47:30,732 - INFO - [선택자 2/19] 시도: text=색인분류
2025-07-25 19:47:30,733 - INFO - [선택자 3/19] 시도: button:has-text("색인분류")
2025-07-25 19:47:30,735 - INFO - [선택자 4/19] 시도: button:has-text("색인")
2025-07-25 19:47:30,736 - INFO - [선택자 5/19] 시도: input[value*="색인분류"]
2025-07-25 19:47:30,738 - INFO - [선택자 6/19] 시도: input[value*="색인"]
2025-07-25 19:47:30,739 - INFO - [선택자 7/19] 시도: [title*="색인분류"]
2025-07-25 19:47:30,741 - INFO - [선택자 8/19] 시도: [title*="색인"]
2025-07-25 19:47:30,742 - INFO - [선택자 9/19] 시도: [onclick*="classification"]
2025-07-25 19:47:30,743 - INFO - [선택자 10/19] 시도: [onclick*="색인"]
2025-07-25 19:47:30,745 - INFO - [선택자 11/19] 시도: [onclick*="index"]
2025-07-25 19:47:30,747 - INFO - [선택자 12/19] 시도: *[class*="btn"]:has-text("색인")
2025-07-25 19:47:30,748 - INFO - [선택자 13/19] 시도: span:has-text("색인분류")
2025-07-25 19:47:30,751 - INFO - [선택자 14/19] 시도: div:has-text("색인분류")
2025-07-25 19:47:30,752 - INFO - [선택자 15/19] 시도: td:has-text("색인분류")
2025-07-25 19:47:30,754 - INFO - [선택자 16/19] 시도: [nexacroid*="btn"][title*="색인"]
2025-07-25 19:47:30,756 - INFO - [선택자 17/19] 시도: [id*="btn"]:has-text("색인")
2025-07-25 19:47:30,757 - INFO - [선택자 18/19] 시도: img[alt*="색인"]
2025-07-25 19:47:30,758 - INFO - [선택자 19/19] 시도: img[title*="색인"]
2025-07-25 19:47:30,760 - WARNING - 기본 선택자로 버튼을 찾을 수 없음. 좌표 기반 클릭 시도...
2025-07-25 19:47:30,760 - INFO - 좌표 (100, 100) 클릭 시도
2025-07-25 19:47:30,761 - INFO - 좌표 (200, 100) 클릭 시도
2025-07-25 19:47:30,763 - INFO - 좌표 (300, 100) 클릭 시도
2025-07-25 19:47:30,764 - INFO - 좌표 (100, 150) 클릭 시도
2025-07-25 19:47:30,766 - INFO - 좌표 (200, 150) 클릭 시도
2025-07-25 19:47:30,768 - INFO - 좌표 (300, 150) 클릭 시도
2025-07-25 19:47:30,769 - INFO - 좌표 (100, 200) 클릭 시도
2025-07-25 19:47:30,771 - INFO - 좌표 (200, 200) 클릭 시도
2025-07-25 19:47:30,774 - INFO - 좌표 (300, 200) 클릭 시도
2025-07-25 19:47:30,775 - ERROR - 색인분류 모달 열기 실패
2025-07-25 19:47:30,899 - INFO - 브라우저 정리 완료
